Using pre-set license
Built from '2020.3/release' branch; Version is '2020.3.15f2 (6cf78cb77498) revision 7141260'; Using compiler version '192528614'; Build Type 'Release'
OS: 'Windows 10 Home; OS build 19042.1165; Version 2009; 64bit' Language: 'ja' Physical Memory: 16224 MB
BatchMode: 1, IsHumanControllingUs: 0, StartBugReporterOnCrash: 0, Is64bit: 1, IsPro: 0

 COMMAND LINE ARGUMENTS:
C:\Program Files\2020.3.15f2\Editor\Unity.exe
-adb2
-batchMode
-noUpm
-name
AssetImportWorker0
-projectPath
C:/Users/arufa/3D Objects/facetraking
-logFile
Logs/AssetImportWorker0.log
-srvPort
62203
Successfully changed project path to: C:/Users/arufa/3D Objects/facetraking
C:/Users/arufa/3D Objects/facetraking
Using Asset Import Pipeline V2.
Refreshing native plugins compatible for Editor in 29.49 ms, found 2 plugins.
Preloading 0 native plugins for Editor in 0.00 ms.
Initialize engine version: 2020.3.15f2 (6cf78cb77498)
[Subsystems] Discovering subsystems at path C:/Program Files/2020.3.15f2/Editor/Data/Resources/UnitySubsystems
[Subsystems] Discovering subsystems at path C:/Users/arufa/3D Objects/facetraking/Assets
GfxDevice: creating device client; threaded=0
Direct3D:
    Version:  Direct3D 11.0 [level 11.1]
    Renderer: NVIDIA GeForce GTX 1650 (ID=0x1f91)
    Vendor:   
    VRAM:     3964 MB
    Driver:   25.21.14.1788
Initialize mono
Mono path[0] = 'C:/Program Files/2020.3.15f2/Editor/Data/Managed'
Mono path[1] = 'C:/Program Files/2020.3.15f2/Editor/Data/MonoBleedingEdge/lib/mono/unityjit'
Mono config path = 'C:/Program Files/2020.3.15f2/Editor/Data/MonoBleedingEdge/etc'
Using monoOptions --debugger-agent=transport=dt_socket,embedding=1,server=y,suspend=n,address=127.0.0.1:56576
Begin MonoManager ReloadAssembly
Registering precompiled unity dll's ...
Register platform support module: C:/Program Files/2020.3.15f2/Editor/Data/PlaybackEngines/WindowsStandaloneSupport/UnityEditor.WindowsStandalone.Extensions.dll
Registered in 0.002270 seconds.
Native extension for WindowsStandalone target not found
Refreshing native plugins compatible for Editor in 29.89 ms, found 2 plugins.
Preloading 0 native plugins for Editor in 0.00 ms.
Mono: successfully reloaded assembly
- Completed reload, in  0.997 seconds
Domain Reload Profiling:
	ReloadAssembly (998ms)
		BeginReloadAssembly (60ms)
			ExecutionOrderSort (0ms)
			DisableScriptedObjects (0ms)
			BackupInstance (0ms)
			ReleaseScriptingObjects (0ms)
			CreateAndSetChildDomain (1ms)
		EndReloadAssembly (395ms)
			LoadAssemblies (57ms)
			RebuildTransferFunctionScriptingTraits (0ms)
			SetupTypeCache (141ms)
			ReleaseScriptCaches (0ms)
			RebuildScriptCaches (29ms)
			SetupLoadedEditorAssemblies (148ms)
				LogAssemblyErrors (0ms)
				InitializePlatformSupportModulesInManaged (4ms)
				SetLoadedEditorAssemblies (0ms)
				RefreshPlugins (30ms)
				BeforeProcessingInitializeOnLoad (13ms)
				ProcessInitializeOnLoadAttributes (75ms)
				ProcessInitializeOnLoadMethodAttributes (26ms)
				AfterProcessingInitializeOnLoad (0ms)
				EditorAssembliesLoaded (0ms)
			ExecutionOrderSort2 (0ms)
			AwakeInstancesAfterBackupRestoration (0ms)
Platform modules already initialized, skipping
Registering precompiled user dll's ...
Registered in 0.004062 seconds.
Begin MonoManager ReloadAssembly
Native extension for WindowsStandalone target not found
Refreshing native plugins compatible for Editor in 33.49 ms, found 2 plugins.
Preloading 0 native plugins for Editor in 0.00 ms.
Mono: successfully reloaded assembly
- Completed reload, in  1.100 seconds
Domain Reload Profiling:
	ReloadAssembly (1101ms)
		BeginReloadAssembly (135ms)
			ExecutionOrderSort (0ms)
			DisableScriptedObjects (4ms)
			BackupInstance (0ms)
			ReleaseScriptingObjects (0ms)
			CreateAndSetChildDomain (17ms)
		EndReloadAssembly (908ms)
			LoadAssemblies (82ms)
			RebuildTransferFunctionScriptingTraits (0ms)
			SetupTypeCache (254ms)
			ReleaseScriptCaches (0ms)
			RebuildScriptCaches (44ms)
			SetupLoadedEditorAssemblies (399ms)
				LogAssemblyErrors (0ms)
				InitializePlatformSupportModulesInManaged (4ms)
				SetLoadedEditorAssemblies (0ms)
				RefreshPlugins (34ms)
				BeforeProcessingInitializeOnLoad (97ms)
				ProcessInitializeOnLoadAttributes (255ms)
				ProcessInitializeOnLoadMethodAttributes (4ms)
				AfterProcessingInitializeOnLoad (6ms)
				EditorAssembliesLoaded (0ms)
			ExecutionOrderSort2 (0ms)
			AwakeInstancesAfterBackupRestoration (6ms)
Platform modules already initialized, skipping
========================================================================
Worker process is ready to serve import requests
Launched and connected shader compiler UnityShaderCompiler.exe after 0.07 seconds
Refreshing native plugins compatible for Editor in 0.41 ms, found 2 plugins.
Preloading 0 native plugins for Editor in 0.00 ms.
Unloading 1671 Unused Serialized files (Serialized files now loaded: 0)
System memory in use before: 74.2 MB.
System memory in use after: 74.2 MB.

Unloading 21 unused Assets to reduce memory usage. Loaded Objects now: 2104.
Total: 3.478500 ms (FindLiveObjects: 0.183500 ms CreateObjectMapping: 0.125300 ms MarkObjects: 3.012200 ms  DeleteObjects: 0.156300 ms)

AssetImportParameters requested are different than current active one (requested -> active):
  custom:framework-win-MediaFoundation: 216162199b28c13a410421893ffa2e32 -> 
  custom:video-decoder-ogg-theora: a1e56fd34408186e4bbccfd4996cb3dc -> 
  custom:container-muxer-webm: aa71ff27fc2769a1b78a27578f13a17b -> 
  custom:container-demuxer-webm: 4f35f7cbe854078d1ac9338744f61a02 -> 
  custom:container-demuxer-ogg: 62fdf1f143b41e24485cea50d1cbac27 -> 
  custom:video-encoder-webm-vp8: eb34c28f22e8b96e1ab97ce403110664 -> 
  custom:video-decoder-webm-vp8: 9c59270c3fd7afecdb556c50c9e8de78 -> 
  custom:audio-decoder-ogg-vorbis: bf7c407c2cedff20999df2af8eb42d56 -> 
  custom:audio-encoder-webm-vorbis: bf7c407c2cedff20999df2af8eb42d56 -> 
========================================================================
Received Import Request.
  path: Assets/XR/Settings
  artifactKey: Guid(deb09e99882012241861b126ccfe117e) Importer(815301076,1909f56bfc062723c751e8b465ee728b)
Start importing Assets/XR/Settings using Guid(deb09e99882012241861b126ccfe117e) Importer(815301076,1909f56bfc062723c751e8b465ee728b)  -> (artifact id: '620f48ac40122476cb688bd461901c90') in 0.010074 seconds 
  Import took 0.012806 seconds .

========================================================================
Received Import Request.
  Time since last request: 0.000253 seconds.
  path: Assets/XR/Settings/AR Kit Settings.asset
  artifactKey: Guid(aac112b5de9aaf74fa8cc960c6410687) Importer(815301076,1909f56bfc062723c751e8b465ee728b)
Start importing Assets/XR/Settings/AR Kit Settings.asset using Guid(aac112b5de9aaf74fa8cc960c6410687) Importer(815301076,1909f56bfc062723c751e8b465ee728b)  -> (artifact id: '3cd82c06b2ec7604e9bc3eecc8146136') in 0.036025 seconds 
  Import took 0.038285 seconds .

========================================================================
Received Import Request.
  Time since last request: 0.000241 seconds.
  path: Assets/XR
  artifactKey: Guid(3349228705393c144ae22d374d579666) Importer(815301076,1909f56bfc062723c751e8b465ee728b)
Start importing Assets/XR using Guid(3349228705393c144ae22d374d579666) Importer(815301076,1909f56bfc062723c751e8b465ee728b)  -> (artifact id: 'c0f07913f2196e1969aaad9c0d7c97d6') in 0.007784 seconds 
  Import took 0.010663 seconds .

========================================================================
Received Import Request.
  Time since last request: 106.039053 seconds.
  path: Assets/XR/Loaders
  artifactKey: Guid(199fda7f8bd96f348ac770d82c9fa32e) Importer(815301076,1909f56bfc062723c751e8b465ee728b)
Start importing Assets/XR/Loaders using Guid(199fda7f8bd96f348ac770d82c9fa32e) Importer(815301076,1909f56bfc062723c751e8b465ee728b)  -> (artifact id: '4cbe907be8e19fa31ee22233a0c00fec') in 0.016142 seconds 
  Import took 0.021242 seconds .

========================================================================
Received Import Request.
  Time since last request: 0.047177 seconds.
  path: Assets/XR/Loaders/AR Kit Loader.asset
  artifactKey: Guid(f60a4a8f84e34354bb998a8f8b7955ae) Importer(815301076,1909f56bfc062723c751e8b465ee728b)
Start importing Assets/XR/Loaders/AR Kit Loader.asset using Guid(f60a4a8f84e34354bb998a8f8b7955ae) Importer(815301076,1909f56bfc062723c751e8b465ee728b)  -> (artifact id: 'b1cb66dfff7d7414e36658e416ee1434') in 0.014375 seconds 
  Import took 0.018148 seconds .

========================================================================
Received Import Request.
  Time since last request: 64.680733 seconds.
  path: Packages/com.unity.xr.arkit-face-tracking
  artifactKey: Guid(8d19f747464ba49f2302f034a91182e0) Importer(815301076,1909f56bfc062723c751e8b465ee728b)
Start importing Packages/com.unity.xr.arkit-face-tracking using Guid(8d19f747464ba49f2302f034a91182e0) Importer(815301076,1909f56bfc062723c751e8b465ee728b)  -> (artifact id: '25d261d478f9574cf07d8296d94132a2') in 0.016931 seconds 
  Import took 0.022094 seconds .

========================================================================
Received Import Request.
  Time since last request: 0.087693 seconds.
  path: Packages/com.unity.xr.arkit-face-tracking/package.json
  artifactKey: Guid(223f04828a7984d9483128fe4311a63d) Importer(815301076,1909f56bfc062723c751e8b465ee728b)
Start importing Packages/com.unity.xr.arkit-face-tracking/package.json using Guid(223f04828a7984d9483128fe4311a63d) Importer(815301076,1909f56bfc062723c751e8b465ee728b)  -> (artifact id: 'a8be2f945be4727c5458cd8ad2095fdb') in 0.028221 seconds 
  Import took 0.033747 seconds .

========================================================================
Received Import Request.
  Time since last request: 2.155770 seconds.
  path: Packages/com.unity.xr.arkit-face-tracking/Editor
  artifactKey: Guid(29a63e1acf6bf4cdea2bbb550f634562) Importer(815301076,1909f56bfc062723c751e8b465ee728b)
Start importing Packages/com.unity.xr.arkit-face-tracking/Editor using Guid(29a63e1acf6bf4cdea2bbb550f634562) Importer(815301076,1909f56bfc062723c751e8b465ee728b)  -> (artifact id: '09bbd604801e992c753e0a48cbe78db1') in 0.014288 seconds 
  Import took 0.019450 seconds .

========================================================================
Received Import Request.
  Time since last request: 0.081823 seconds.
  path: Packages/com.unity.xr.arkit-face-tracking/Editor/Unity.XR.ARKit.FaceTracking.Editor.asmdef
  artifactKey: Guid(801e4e00cccc04a53beb422abb42dabd) Importer(815301076,1909f56bfc062723c751e8b465ee728b)
Start importing Packages/com.unity.xr.arkit-face-tracking/Editor/Unity.XR.ARKit.FaceTracking.Editor.asmdef using Guid(801e4e00cccc04a53beb422abb42dabd) Importer(815301076,1909f56bfc062723c751e8b465ee728b)  -> (artifact id: '9051196c6b193e539bf4b570dad18151') in 0.020188 seconds 
  Import took 0.026190 seconds .

========================================================================
Received Import Request.
  Time since last request: 7.723653 seconds.
  path: Packages/com.unity.xr.management
  artifactKey: Guid(7261f87f4da69cdd49931374cabce6bd) Importer(815301076,1909f56bfc062723c751e8b465ee728b)
Start importing Packages/com.unity.xr.management using Guid(7261f87f4da69cdd49931374cabce6bd) Importer(815301076,1909f56bfc062723c751e8b465ee728b)  -> (artifact id: 'd322ce031f94c3e3cdaba904c824a3ec') in 0.013512 seconds 
  Import took 0.017611 seconds .

========================================================================
Received Import Request.
  Time since last request: 0.047783 seconds.
  path: Packages/com.unity.xr.management/package.json
  artifactKey: Guid(a8437ae6df3ab4de78c661f8e1148bbb) Importer(815301076,1909f56bfc062723c751e8b465ee728b)
Start importing Packages/com.unity.xr.management/package.json using Guid(a8437ae6df3ab4de78c661f8e1148bbb) Importer(815301076,1909f56bfc062723c751e8b465ee728b)  -> (artifact id: 'bdf582a91db4e968bf5cd134cf707533') in 0.003204 seconds 
  Import took 0.006337 seconds .

========================================================================
Received Import Request.
  Time since last request: 2.774792 seconds.
  path: Packages/com.unity.xr.management/Tests
  artifactKey: Guid(4fadb9d2c47be4b2587eec5da859310c) Importer(815301076,1909f56bfc062723c751e8b465ee728b)
Start importing Packages/com.unity.xr.management/Tests using Guid(4fadb9d2c47be4b2587eec5da859310c) Importer(815301076,1909f56bfc062723c751e8b465ee728b)  -> (artifact id: '659d2eaae8ee2adf990cf5a75940e744') in 0.011526 seconds 
  Import took 0.015691 seconds .

========================================================================
Received Import Request.
  Time since last request: 5.268215 seconds.
  path: Packages/com.unity.xr.management/Tests/TestPackage
  artifactKey: Guid(3ff8e099033239542a4d9e3d3b4d21ab) Importer(815301076,1909f56bfc062723c751e8b465ee728b)
Start importing Packages/com.unity.xr.management/Tests/TestPackage using Guid(3ff8e099033239542a4d9e3d3b4d21ab) Importer(815301076,1909f56bfc062723c751e8b465ee728b)  -> (artifact id: '044955f2552c95be1a93a98912d3902c') in 0.013743 seconds 
  Import took 0.019269 seconds .

========================================================================
Received Import Request.
  Time since last request: 112.897110 seconds.
  path: Assets
  artifactKey: Guid(00000000000000001000000000000000) Importer(815301076,1909f56bfc062723c751e8b465ee728b)
Start importing Assets using Guid(00000000000000001000000000000000) Importer(815301076,1909f56bfc062723c751e8b465ee728b)  -> (artifact id: '42d402b061de3733987d63b9cc3b64de') in 0.011113 seconds 
  Import took 0.014899 seconds .

========================================================================
Received Prepare
Registering precompiled user dll's ...
Registered in 0.004601 seconds.
Begin MonoManager ReloadAssembly
Native extension for WindowsStandalone target not found
Refreshing native plugins compatible for Editor in 0.65 ms, found 2 plugins.
Preloading 0 native plugins for Editor in 0.00 ms.
Mono: successfully reloaded assembly
- Completed reload, in  3.230 seconds
Domain Reload Profiling:
	ReloadAssembly (3230ms)
		BeginReloadAssembly (456ms)
			ExecutionOrderSort (0ms)
			DisableScriptedObjects (8ms)
			BackupInstance (0ms)
			ReleaseScriptingObjects (0ms)
			CreateAndSetChildDomain (223ms)
		EndReloadAssembly (2614ms)
			LoadAssemblies (220ms)
			RebuildTransferFunctionScriptingTraits (0ms)
			SetupTypeCache (744ms)
			ReleaseScriptCaches (1ms)
			RebuildScriptCaches (201ms)
			SetupLoadedEditorAssemblies (1105ms)
				LogAssemblyErrors (0ms)
				InitializePlatformSupportModulesInManaged (10ms)
				SetLoadedEditorAssemblies (28ms)
				RefreshPlugins (1ms)
				BeforeProcessingInitializeOnLoad (469ms)
				ProcessInitializeOnLoadAttributes (587ms)
				ProcessInitializeOnLoadMethodAttributes (3ms)
				AfterProcessingInitializeOnLoad (6ms)
				EditorAssembliesLoaded (0ms)
			ExecutionOrderSort2 (0ms)
			AwakeInstancesAfterBackupRestoration (6ms)
Platform modules already initialized, skipping
Refreshing native plugins compatible for Editor in 0.41 ms, found 2 plugins.
Preloading 0 native plugins for Editor in 0.00 ms.
Unloading 1795 Unused Serialized files (Serialized files now loaded: 0)
System memory in use before: 102.1 MB.
System memory in use after: 85.4 MB.

Unloading 114 unused Assets to reduce memory usage. Loaded Objects now: 2142.
Total: 14.542000 ms (FindLiveObjects: 0.193100 ms CreateObjectMapping: 0.051800 ms MarkObjects: 2.379400 ms  DeleteObjects: 11.916600 ms)

AssetImportParameters requested are different than current active one (requested -> active):
  custom:framework-win-MediaFoundation: 216162199b28c13a410421893ffa2e32 -> 
  custom:video-decoder-ogg-theora: a1e56fd34408186e4bbccfd4996cb3dc -> 
  custom:container-muxer-webm: aa71ff27fc2769a1b78a27578f13a17b -> 
  custom:container-demuxer-webm: 4f35f7cbe854078d1ac9338744f61a02 -> 
  custom:container-demuxer-ogg: 62fdf1f143b41e24485cea50d1cbac27 -> 
  custom:video-encoder-webm-vp8: eb34c28f22e8b96e1ab97ce403110664 -> 
  custom:video-decoder-webm-vp8: 9c59270c3fd7afecdb556c50c9e8de78 -> 
  custom:audio-decoder-ogg-vorbis: bf7c407c2cedff20999df2af8eb42d56 -> 
  custom:audio-encoder-webm-vorbis: bf7c407c2cedff20999df2af8eb42d56 -> 
========================================================================
Received Import Request.
  Time since last request: 263.684594 seconds.
  path: Assets/UnityChanTPK
  artifactKey: Guid(fbbdeb451b14a8a45a37ec499ddf95e1) Importer(815301076,1909f56bfc062723c751e8b465ee728b)
Start importing Assets/UnityChanTPK using Guid(fbbdeb451b14a8a45a37ec499ddf95e1) Importer(815301076,1909f56bfc062723c751e8b465ee728b)  -> (artifact id: '57133333abf07ad2391f8810c2934c18') in 0.010800 seconds 
  Import took 0.014081 seconds .

========================================================================
Received Import Request.
  Time since last request: 3.376589 seconds.
  path: Assets/UnityChanTPK/Models
  artifactKey: Guid(c220eff6fc384cc4fba352be689de72a) Importer(815301076,1909f56bfc062723c751e8b465ee728b)
Start importing Assets/UnityChanTPK/Models using Guid(c220eff6fc384cc4fba352be689de72a) Importer(815301076,1909f56bfc062723c751e8b465ee728b)  -> (artifact id: 'ffc920bf299e283cc1c107bdc6642029') in 0.013891 seconds 
  Import took 0.018995 seconds .

========================================================================
Received Import Request.
  Time since last request: 0.914800 seconds.
  path: Assets/UnityChanTPK/Models/01_kohaku_A
  artifactKey: Guid(9bc2ec25a3420454ca7f65763c331a09) Importer(815301076,1909f56bfc062723c751e8b465ee728b)
Start importing Assets/UnityChanTPK/Models/01_kohaku_A using Guid(9bc2ec25a3420454ca7f65763c331a09) Importer(815301076,1909f56bfc062723c751e8b465ee728b)  -> (artifact id: 'b9989e2d065f8e223d79b7b43d5fcf19') in 0.024876 seconds 
  Import took 0.031442 seconds .

========================================================================
Received Import Request.
  Time since last request: 0.046458 seconds.
  path: Assets/UnityChanTPK/Models/01_kohaku_A/01_kohaku_A.fbx
  artifactKey: Guid(8ca7b932c0de3b7478dc4385b041fa91) Importer(815301076,1909f56bfc062723c751e8b465ee728b)
Start importing Assets/UnityChanTPK/Models/01_kohaku_A/01_kohaku_A.fbx using Guid(8ca7b932c0de3b7478dc4385b041fa91) Importer(815301076,1909f56bfc062723c751e8b465ee728b)  -> (artifact id: '288224bd568ad778d6dd690a2bd5798a') in 0.578196 seconds 
  Import took 0.583742 seconds .

========================================================================
Received Import Request.
  Time since last request: 0.000279 seconds.
  path: Assets/UnityChanTPK/Models/01_kohaku_A/01_kohaku_A_head.fbx
  artifactKey: Guid(2ce8e1d7370ef5546a755464fd39e091) Importer(815301076,1909f56bfc062723c751e8b465ee728b)
Start importing Assets/UnityChanTPK/Models/01_kohaku_A/01_kohaku_A_head.fbx using Guid(2ce8e1d7370ef5546a755464fd39e091) Importer(815301076,1909f56bfc062723c751e8b465ee728b)  -> (artifact id: '91ce2043163a428d22b763d09055a0c9') in 0.033388 seconds 
  Import took 0.036267 seconds .

========================================================================
Received Import Request.
  Time since last request: 8.844102 seconds.
  path: Assets/UnityChanTPK/Models/01_kohaku_A/Prefabs
  artifactKey: Guid(4023ce574d765ce47883b7922a93350f) Importer(815301076,1909f56bfc062723c751e8b465ee728b)
Start importing Assets/UnityChanTPK/Models/01_kohaku_A/Prefabs using Guid(4023ce574d765ce47883b7922a93350f) Importer(815301076,1909f56bfc062723c751e8b465ee728b)  -> (artifact id: '16d63fef716cc8ea760c8b4f49f569e8') in 0.015661 seconds 
  Import took 0.020347 seconds .

========================================================================
Received Import Request.
  Time since last request: 0.049149 seconds.
  path: Assets/UnityChanTPK/Models/01_kohaku_A/Prefabs/01_kohaku_A.prefab
  artifactKey: Guid(fb512df7f0d205849b911915fa02931b) Importer(815301076,1909f56bfc062723c751e8b465ee728b)
Start importing Assets/UnityChanTPK/Models/01_kohaku_A/Prefabs/01_kohaku_A.prefab using Guid(fb512df7f0d205849b911915fa02931b) Importer(815301076,1909f56bfc062723c751e8b465ee728b)  -> (artifact id: '65a5c052792b9f234547debb6bd91476') in 0.076275 seconds 
  Import took 0.082689 seconds .

========================================================================
Received Prepare
Registering precompiled user dll's ...
Registered in 0.004040 seconds.
Begin MonoManager ReloadAssembly
Native extension for WindowsStandalone target not found
Refreshing native plugins compatible for Editor in 0.71 ms, found 2 plugins.
Preloading 0 native plugins for Editor in 0.00 ms.
Mono: successfully reloaded assembly
- Completed reload, in  0.962 seconds
Domain Reload Profiling:
	ReloadAssembly (962ms)
		BeginReloadAssembly (117ms)
			ExecutionOrderSort (0ms)
			DisableScriptedObjects (4ms)
			BackupInstance (0ms)
			ReleaseScriptingObjects (0ms)
			CreateAndSetChildDomain (34ms)
		EndReloadAssembly (787ms)
			LoadAssemblies (87ms)
			RebuildTransferFunctionScriptingTraits (0ms)
			SetupTypeCache (250ms)
			ReleaseScriptCaches (1ms)
			RebuildScriptCaches (33ms)
			SetupLoadedEditorAssemblies (336ms)
				LogAssemblyErrors (0ms)
				InitializePlatformSupportModulesInManaged (4ms)
				SetLoadedEditorAssemblies (0ms)
				RefreshPlugins (1ms)
				BeforeProcessingInitializeOnLoad (87ms)
				ProcessInitializeOnLoadAttributes (233ms)
				ProcessInitializeOnLoadMethodAttributes (4ms)
				AfterProcessingInitializeOnLoad (6ms)
				EditorAssembliesLoaded (0ms)
			ExecutionOrderSort2 (0ms)
			AwakeInstancesAfterBackupRestoration (5ms)
Platform modules already initialized, skipping
Refreshing native plugins compatible for Editor in 0.37 ms, found 2 plugins.
Preloading 0 native plugins for Editor in 0.00 ms.
Unloading 1795 Unused Serialized files (Serialized files now loaded: 0)
System memory in use before: 119.3 MB.
System memory in use after: 102.9 MB.

Unloading 113 unused Assets to reduce memory usage. Loaded Objects now: 2158.
Total: 15.159000 ms (FindLiveObjects: 0.246400 ms CreateObjectMapping: 0.060400 ms MarkObjects: 2.404800 ms  DeleteObjects: 12.446100 ms)

AssetImportParameters requested are different than current active one (requested -> active):
  custom:framework-win-MediaFoundation: 216162199b28c13a410421893ffa2e32 -> 
  custom:video-decoder-ogg-theora: a1e56fd34408186e4bbccfd4996cb3dc -> 
  custom:container-muxer-webm: aa71ff27fc2769a1b78a27578f13a17b -> 
  custom:container-demuxer-webm: 4f35f7cbe854078d1ac9338744f61a02 -> 
  custom:container-demuxer-ogg: 62fdf1f143b41e24485cea50d1cbac27 -> 
  custom:video-encoder-webm-vp8: eb34c28f22e8b96e1ab97ce403110664 -> 
  custom:video-decoder-webm-vp8: 9c59270c3fd7afecdb556c50c9e8de78 -> 
  custom:audio-decoder-ogg-vorbis: bf7c407c2cedff20999df2af8eb42d56 -> 
  custom:audio-encoder-webm-vorbis: bf7c407c2cedff20999df2af8eb42d56 -> 
========================================================================
Received Import Request.
  Time since last request: 201.529829 seconds.
  path: Assets/FaceManager.cs
  artifactKey: Guid(4cd4b2e3058d91a449f62bdd7d565fac) Importer(815301076,1909f56bfc062723c751e8b465ee728b)
Start importing Assets/FaceManager.cs using Guid(4cd4b2e3058d91a449f62bdd7d565fac) Importer(815301076,1909f56bfc062723c751e8b465ee728b)  -> (artifact id: '0c315b53d42191a4c16447f688d246fe') in 0.014561 seconds 
  Import took 0.018064 seconds .

========================================================================
Received Prepare
Registering precompiled user dll's ...
Registered in 0.004123 seconds.
Begin MonoManager ReloadAssembly
Native extension for WindowsStandalone target not found
Refreshing native plugins compatible for Editor in 0.37 ms, found 2 plugins.
Preloading 0 native plugins for Editor in 0.00 ms.
Mono: successfully reloaded assembly
- Completed reload, in  1.163 seconds
Domain Reload Profiling:
	ReloadAssembly (1163ms)
		BeginReloadAssembly (110ms)
			ExecutionOrderSort (0ms)
			DisableScriptedObjects (4ms)
			BackupInstance (0ms)
			ReleaseScriptingObjects (0ms)
			CreateAndSetChildDomain (29ms)
		EndReloadAssembly (995ms)
			LoadAssemblies (86ms)
			RebuildTransferFunctionScriptingTraits (0ms)
			SetupTypeCache (276ms)
			ReleaseScriptCaches (1ms)
			RebuildScriptCaches (51ms)
			SetupLoadedEditorAssemblies (449ms)
				LogAssemblyErrors (0ms)
				InitializePlatformSupportModulesInManaged (6ms)
				SetLoadedEditorAssemblies (0ms)
				RefreshPlugins (0ms)
				BeforeProcessingInitializeOnLoad (118ms)
				ProcessInitializeOnLoadAttributes (313ms)
				ProcessInitializeOnLoadMethodAttributes (4ms)
				AfterProcessingInitializeOnLoad (7ms)
				EditorAssembliesLoaded (0ms)
			ExecutionOrderSort2 (0ms)
			AwakeInstancesAfterBackupRestoration (6ms)
Platform modules already initialized, skipping
Refreshing native plugins compatible for Editor in 0.50 ms, found 2 plugins.
Preloading 0 native plugins for Editor in 0.00 ms.
Unloading 1795 Unused Serialized files (Serialized files now loaded: 0)
System memory in use before: 119.3 MB.
System memory in use after: 102.8 MB.

Unloading 113 unused Assets to reduce memory usage. Loaded Objects now: 2163.
Total: 14.607600 ms (FindLiveObjects: 0.174600 ms CreateObjectMapping: 0.077200 ms MarkObjects: 1.994000 ms  DeleteObjects: 12.360600 ms)

AssetImportParameters requested are different than current active one (requested -> active):
  custom:framework-win-MediaFoundation: 216162199b28c13a410421893ffa2e32 -> 
  custom:video-decoder-ogg-theora: a1e56fd34408186e4bbccfd4996cb3dc -> 
  custom:container-muxer-webm: aa71ff27fc2769a1b78a27578f13a17b -> 
  custom:container-demuxer-webm: 4f35f7cbe854078d1ac9338744f61a02 -> 
  custom:container-demuxer-ogg: 62fdf1f143b41e24485cea50d1cbac27 -> 
  custom:video-encoder-webm-vp8: eb34c28f22e8b96e1ab97ce403110664 -> 
  custom:video-decoder-webm-vp8: 9c59270c3fd7afecdb556c50c9e8de78 -> 
  custom:audio-decoder-ogg-vorbis: bf7c407c2cedff20999df2af8eb42d56 -> 
  custom:audio-encoder-webm-vorbis: bf7c407c2cedff20999df2af8eb42d56 -> 
========================================================================
Received Prepare
Registering precompiled user dll's ...
Registered in 0.004141 seconds.
Begin MonoManager ReloadAssembly
Native extension for WindowsStandalone target not found
Refreshing native plugins compatible for Editor in 0.37 ms, found 2 plugins.
Preloading 0 native plugins for Editor in 0.00 ms.
Mono: successfully reloaded assembly
- Completed reload, in  1.035 seconds
Domain Reload Profiling:
	ReloadAssembly (1036ms)
		BeginReloadAssembly (105ms)
			ExecutionOrderSort (0ms)
			DisableScriptedObjects (4ms)
			BackupInstance (0ms)
			ReleaseScriptingObjects (0ms)
			CreateAndSetChildDomain (29ms)
		EndReloadAssembly (872ms)
			LoadAssemblies (85ms)
			RebuildTransferFunctionScriptingTraits (0ms)
			SetupTypeCache (269ms)
			ReleaseScriptCaches (1ms)
			RebuildScriptCaches (43ms)
			SetupLoadedEditorAssemblies (365ms)
				LogAssemblyErrors (0ms)
				InitializePlatformSupportModulesInManaged (4ms)
				SetLoadedEditorAssemblies (0ms)
				RefreshPlugins (0ms)
				BeforeProcessingInitializeOnLoad (103ms)
				ProcessInitializeOnLoadAttributes (245ms)
				ProcessInitializeOnLoadMethodAttributes (4ms)
				AfterProcessingInitializeOnLoad (7ms)
				EditorAssembliesLoaded (0ms)
			ExecutionOrderSort2 (0ms)
			AwakeInstancesAfterBackupRestoration (6ms)
Platform modules already initialized, skipping
Refreshing native plugins compatible for Editor in 0.44 ms, found 2 plugins.
Preloading 0 native plugins for Editor in 0.00 ms.
Unloading 1795 Unused Serialized files (Serialized files now loaded: 0)
System memory in use before: 119.4 MB.
System memory in use after: 102.8 MB.

Unloading 113 unused Assets to reduce memory usage. Loaded Objects now: 2167.
Total: 17.322000 ms (FindLiveObjects: 0.169200 ms CreateObjectMapping: 0.055100 ms MarkObjects: 2.249700 ms  DeleteObjects: 14.846600 ms)

AssetImportParameters requested are different than current active one (requested -> active):
  custom:framework-win-MediaFoundation: 216162199b28c13a410421893ffa2e32 -> 
  custom:video-decoder-ogg-theora: a1e56fd34408186e4bbccfd4996cb3dc -> 
  custom:container-muxer-webm: aa71ff27fc2769a1b78a27578f13a17b -> 
  custom:container-demuxer-webm: 4f35f7cbe854078d1ac9338744f61a02 -> 
  custom:container-demuxer-ogg: 62fdf1f143b41e24485cea50d1cbac27 -> 
  custom:video-encoder-webm-vp8: eb34c28f22e8b96e1ab97ce403110664 -> 
  custom:video-decoder-webm-vp8: 9c59270c3fd7afecdb556c50c9e8de78 -> 
  custom:audio-decoder-ogg-vorbis: bf7c407c2cedff20999df2af8eb42d56 -> 
  custom:audio-encoder-webm-vorbis: bf7c407c2cedff20999df2af8eb42d56 -> 
========================================================================
Received Import Request.
  Time since last request: 165.194153 seconds.
  path: Assets/FaceManager.cs
  artifactKey: Guid(4cd4b2e3058d91a449f62bdd7d565fac) Importer(815301076,1909f56bfc062723c751e8b465ee728b)
Start importing Assets/FaceManager.cs using Guid(4cd4b2e3058d91a449f62bdd7d565fac) Importer(815301076,1909f56bfc062723c751e8b465ee728b)  -> (artifact id: '385db04d71be1727be5fa0cd2531a7ef') in 0.008143 seconds 
  Import took 0.014991 seconds .

========================================================================
Received Prepare
Registering precompiled user dll's ...
Registered in 0.004136 seconds.
Begin MonoManager ReloadAssembly
Native extension for WindowsStandalone target not found
Refreshing native plugins compatible for Editor in 0.43 ms, found 2 plugins.
Preloading 0 native plugins for Editor in 0.00 ms.
Mono: successfully reloaded assembly
- Completed reload, in  1.099 seconds
Domain Reload Profiling:
	ReloadAssembly (1100ms)
		BeginReloadAssembly (117ms)
			ExecutionOrderSort (0ms)
			DisableScriptedObjects (4ms)
			BackupInstance (0ms)
			ReleaseScriptingObjects (0ms)
			CreateAndSetChildDomain (30ms)
		EndReloadAssembly (919ms)
			LoadAssemblies (98ms)
			RebuildTransferFunctionScriptingTraits (0ms)
			SetupTypeCache (295ms)
			ReleaseScriptCaches (1ms)
			RebuildScriptCaches (46ms)
			SetupLoadedEditorAssemblies (389ms)
				LogAssemblyErrors (0ms)
				InitializePlatformSupportModulesInManaged (5ms)
				SetLoadedEditorAssemblies (0ms)
				RefreshPlugins (0ms)
				BeforeProcessingInitializeOnLoad (108ms)
				ProcessInitializeOnLoadAttributes (265ms)
				ProcessInitializeOnLoadMethodAttributes (4ms)
				AfterProcessingInitializeOnLoad (6ms)
				EditorAssembliesLoaded (0ms)
			ExecutionOrderSort2 (0ms)
			AwakeInstancesAfterBackupRestoration (6ms)
Platform modules already initialized, skipping
Refreshing native plugins compatible for Editor in 0.41 ms, found 2 plugins.
Preloading 0 native plugins for Editor in 0.00 ms.
Unloading 1823 Unused Serialized files (Serialized files now loaded: 0)
System memory in use before: 120.0 MB.
System memory in use after: 103.5 MB.

Unloading 113 unused Assets to reduce memory usage. Loaded Objects now: 2200.
Total: 14.948700 ms (FindLiveObjects: 0.221800 ms CreateObjectMapping: 0.053500 ms MarkObjects: 2.370000 ms  DeleteObjects: 12.302300 ms)

AssetImportParameters requested are different than current active one (requested -> active):
  custom:framework-win-MediaFoundation: 216162199b28c13a410421893ffa2e32 -> 
  custom:video-decoder-ogg-theora: a1e56fd34408186e4bbccfd4996cb3dc -> 
  custom:container-muxer-webm: aa71ff27fc2769a1b78a27578f13a17b -> 
  custom:container-demuxer-webm: 4f35f7cbe854078d1ac9338744f61a02 -> 
  custom:container-demuxer-ogg: 62fdf1f143b41e24485cea50d1cbac27 -> 
  custom:video-encoder-webm-vp8: eb34c28f22e8b96e1ab97ce403110664 -> 
  custom:video-decoder-webm-vp8: 9c59270c3fd7afecdb556c50c9e8de78 -> 
  custom:audio-decoder-ogg-vorbis: bf7c407c2cedff20999df2af8eb42d56 -> 
  custom:audio-encoder-webm-vorbis: bf7c407c2cedff20999df2af8eb42d56 -> 
AssetImportWorkerClient::OnTransportError - code=2 error=End of file
